<?xml version="1.0" encoding="UTF-8"?>
<!-- Generated by org.testng.reporters.JUnitReportReporter -->
<testsuite hostname="DESKTOP-FPHIKD9" failures="0" tests="2" name="testCases.ContactsPageTest" time="59.032" errors="0" timestamp="2024-04-28T17:34:41 IST" skipped="0">
  <testcase classname="testCases.ContactsPageTest" name="validateCreateNewContact" time="30.300"/>
  <testcase classname="testCases.ContactsPageTest" name="validateCreateNewContact" time="28.732"/>
</testsuite> <!-- testCases.ContactsPageTest -->
