<?xml version="1.0" encoding="UTF-8"?>
<!-- Generated by org.testng.reporters.JUnitReportReporter -->
<testsuite hostname="lp-5cd2297ngc" failures="0" tests="2" name="testCases.LoginPageTest" time="57.015" errors="0" timestamp="2024-05-01T05:22:42 PDT" skipped="0">
  <testcase classname="testCases.LoginPageTest" name="loginTest" time="33.818"/>
  <testcase classname="testCases.LoginPageTest" name="LoginPageTitleTest" time="23.197"/>
</testsuite> <!-- testCases.LoginPageTest -->
