<?xml version="1.0" encoding="UTF-8"?>
<!-- Generated by org.testng.reporters.JUnitReportReporter -->
<testsuite hostname="lp-5cd2297ngc" failures="0" tests="3" name="testCases.LoginPageTest" time="25.529" errors="0" timestamp="2024-05-01T22:16:31 PDT" skipped="2">
  <testcase classname="testCases.LoginPageTest" name="loginTest" time="25.529"/>
  <testcase classname="testCases.LoginPageTest" name="LoginPageTitleTest">
    <skipped/>
  </testcase> <!-- LoginPageTitleTest -->
  <testcase classname="testCases.LoginPageTest" name="logOutTest">
    <skipped/>
  </testcase> <!-- logOutTest -->
</testsuite> <!-- testCases.LoginPageTest -->
