<?xml version="1.0" encoding="UTF-8"?>
<!-- Generated by org.testng.reporters.JUnitReportReporter -->
<testsuite hostname="DESKTOP-FPHIKD9" failures="0" tests="2" name="testCases.LoginPageTest" time="44.004" errors="0" timestamp="2024-04-26T12:24:04 IST" skipped="0">
  <testcase classname="testCases.LoginPageTest" name="loginTest" time="29.931"/>
  <testcase classname="testCases.LoginPageTest" name="LoginPageTitleTest" time="14.073"/>
</testsuite> <!-- testCases.LoginPageTest -->
